================================================================================
MapTool Debug Log - 2025-12-13 23:12:54
================================================================================

[23:12:54.847] ✓ Debug log initialized: D:\HuyenThietKiem\SwordOnline\Sources\Tool\MapTool\bin\Release\net48\MapTool_Debug_20251213_231254.log
[23:12:54.847] === MapTool Started ===
[23:12:54.847] Executable: D:\HuyenThietKiem\SwordOnline\Sources\Tool\MapTool\bin\Release\net48\MapTool.exe
[23:12:54.847] Working Directory: D:\HuyenThietKiem\SwordOnline\Sources\Tool\MapTool\bin\Release\net48
[23:12:54.847] Log file: D:\HuyenThietKiem\SwordOnline\Sources\Tool\MapTool\bin\Release\net48\MapTool_Debug_20251213_231254.log
[23:12:54.847] --------------------------------------------------------------------------------
[23:12:54.849] Default folder set: D:\HuyenThietKiem\Bin\Server
[23:12:58.524] --------------------------------------------------------------------------------
[23:12:58.524] 📂 LOADING MAP
[23:12:58.524]    Map ID: 11
[23:12:58.524]    Game Folder: D:\HuyenThietKiem\Bin\Server
[23:12:58.524]    Mode: Server
[23:12:58.524] --------------------------------------------------------------------------------
[23:12:58.787] --------------------------------------------------------------------------------
[23:12:58.787] 🔍 PARSED RECT FROM .WOR FILE
[23:12:58.787]    rect = 165,142,215,172
[23:12:58.787]    Grid size: 51 x 31 regions
[23:12:58.787]    First region coords: (165, 142)
[23:12:58.787]    First RegionID (Y*256+X): 142*256 + 165 = 36517
[23:12:58.787] --------------------------------------------------------------------------------
[23:12:58.787] --------------------------------------------------------------------------------
[23:12:58.787] 🔍 SCANNING FOR REGION FILES
[23:12:58.787]    Looking for regions from (165,142) to (215,172)
[23:12:58.788]    ✗ Missing region (3d,3d) | Expected: maps\西南北区\成都\成都\v_142\165_Region_S.dat
[23:12:58.788]    ✗ Missing region (3d,3d) | Expected: maps\西南北区\成都\成都\v_142\166_Region_S.dat
[23:12:58.788]    ✗ Missing region (3d,3d) | Expected: maps\西南北区\成都\成都\v_142\167_Region_S.dat
[23:12:58.788]    ✗ Missing region (3d,3d) | Expected: maps\西南北区\成都\成都\v_142\168_Region_S.dat
[23:12:58.788]    ✗ Missing region (3d,3d) | Expected: maps\西南北区\成都\成都\v_142\169_Region_S.dat
[23:12:58.788]    ✓ Found region (3d,3d) → RegionID=36557 | File: maps\西南北区\成都\成都\v_142\205_Region_S.dat
[23:12:58.788]    ✓ Found region (3d,3d) → RegionID=36558 | File: maps\西南北区\成都\成都\v_142\206_Region_S.dat
[23:12:58.788]    ✓ Found region (3d,3d) → RegionID=36559 | File: maps\西南北区\成都\成都\v_142\207_Region_S.dat
[23:12:58.788]    ✓ Found region (3d,3d) → RegionID=36807 | File: maps\西南北区\成都\成都\v_143\199_Region_S.dat
[23:12:58.788]    ✓ Found region (3d,3d) → RegionID=36808 | File: maps\西南北区\成都\成都\v_143\200_Region_S.dat
[23:12:58.788]    ⚠ Error loading (206,143): Unable to read beyond the end of the stream.
[23:12:58.788]    ⚠ Error loading (206,144): Unable to read beyond the end of the stream.
[23:12:58.796]    ⚠ Error loading (175,149): Unable to read beyond the end of the stream.
[23:12:58.796]    ⚠ Error loading (176,149): Unable to read beyond the end of the stream.
[23:12:58.798]    ⚠ Error loading (175,150): Unable to read beyond the end of the stream.
[23:12:58.798]    ⚠ Error loading (176,150): Unable to read beyond the end of the stream.
[23:12:58.799]    ⚠ Error loading (188,154): Unable to read beyond the end of the stream.
[23:12:58.799]    ⚠ Error loading (205,155): Unable to read beyond the end of the stream.
[23:12:58.804]    ⚠ Error loading (205,156): Unable to read beyond the end of the stream.
[23:12:58.804]    ⚠ Error loading (177,158): Unable to read beyond the end of the stream.
[23:12:58.806]    ⚠ Error loading (203,158): Unable to read beyond the end of the stream.
[23:12:58.806]    ⚠ Error loading (177,159): Unable to read beyond the end of the stream.
[23:12:58.808]    ⚠ Error loading (186,160): Unable to read beyond the end of the stream.
[23:12:58.812]    ⚠ Error loading (200,163): Unable to read beyond the end of the stream.
[23:12:58.812]    ⚠ Error loading (201,163): Unable to read beyond the end of the stream.
[23:12:58.812]    ⚠ Error loading (212,165): Unable to read beyond the end of the stream.
[23:12:58.812]    ⚠ Error loading (213,165): Unable to read beyond the end of the stream.
[23:12:58.812]    ⚠ Error loading (169,166): Unable to read beyond the end of the stream.
[23:12:58.812]    ⚠ Error loading (212,166): Unable to read beyond the end of the stream.
[23:12:58.812]    ⚠ Error loading (213,166): Unable to read beyond the end of the stream.
[23:12:58.812]    ⚠ Error loading (169,167): Unable to read beyond the end of the stream.
[23:12:58.818]    ⚠ Error loading (202,169): Unable to read beyond the end of the stream.
[23:12:58.819]    ⚠ Error loading (201,170): Unable to read beyond the end of the stream.
[23:12:58.819]    ⚠ Error loading (202,170): Unable to read beyond the end of the stream.
[23:12:58.819] --------------------------------------------------------------------------------
[23:12:58.819] 📊 REGION SCAN SUMMARY
[23:12:58.819]    Attempted: 1581 regions
[23:12:58.819]    Loaded: 803 regions
[23:12:58.819]    Missing: 778 regions
[23:12:58.819]    First missing: (165,142), (166,142), (167,142), (168,142), (169,142)
[23:12:58.819]    First existing: (205,142), (206,142), (207,142), (199,143), (200,143)
[23:12:58.819] --------------------------------------------------------------------------------
[23:12:58.819] 🖼️  LOADING MAP IMAGE
[23:12:58.819]    Map ID: 11
[23:12:58.819]    Folder Path: 西南北区\成都\成都
[23:12:58.819]    Image Path: \maps\西南北区\成都\成都24.jpg
[23:12:58.819]    Disk Path (Unicode): D:\HuyenThietKiem\Bin\Server\maps\西南北区\成都\成都24.jpg
[23:12:58.819]    Disk Exists (direct): False
[23:12:58.819]    🔍 Searching with filesystem enumeration (handles GB2312 encoding)...
[23:12:58.819]       Expected directory: maps\西南北区\成都
[23:12:58.819]       Expected filename: 成都24.jpg
[23:12:58.819]       🔍 Match strategy: Direct Unicode
[23:12:58.819]       ✓ Found: maps → maps
[23:12:58.819]       🔍 Match strategy: GB2312 re-decode (Default→GB2312)
[23:12:58.819]          Original: 'Î÷ÄÏ±±Çø' → Decoded: '西南北区'
[23:12:58.819]       ✓ Found: 西南北区 → Î÷ÄÏ±±Çø
[23:12:58.819]       🔍 Match strategy: GB2312 re-decode (Default→GB2312)
[23:12:58.819]          Original: '³É¶¼' → Decoded: '成都'
[23:12:58.819]       ✓ Found: 成都 → ³É¶¼
[23:12:58.819]       📁 Navigated to: D:\HuyenThietKiem\Bin\Server\maps\Î÷ÄÏ±±Çø\³É¶¼
[23:12:58.819]       🔍 Looking for file: 成都24.jpg
[23:12:58.819]       ✓ File match: GB2312 re-decode
[23:12:58.819]          Original: '³É¶¼24.jpg' → Decoded: '成都24.jpg'
[23:12:58.819]    ✓ Found image via enumeration: D:\HuyenThietKiem\Bin\Server\maps\Î÷ÄÏ±±Çø\³É¶¼\³É¶¼24.jpg
[23:12:58.819] ✓ Loading image from DISK (via filesystem enumeration)
[23:12:58.819] ✓ Loaded map image from disk (enumerated): D:\HuyenThietKiem\Bin\Server\maps\Î÷ÄÏ±±Çø\³É¶¼\³É¶¼24.jpg
[23:12:58.819]    Size: 572,772 bytes
[23:12:58.819]    Offset: (5280, 4544) pixels
[23:12:58.824] --------------------------------------------------------------------------------
[23:12:58.824] ✓ Map loaded successfully!
[23:12:58.824]    Name: Thµnh §«
[23:12:58.824]    Folder: 西南北区\成都\成都
[23:12:58.824]    Regions loaded: 803
[23:12:58.824]    First region: (205, 142) RegionID=36557
[23:12:58.824] --------------------------------------------------------------------------------
[23:12:58.848]    Initializing NPC Loader for sprite tooltips...
[23:12:58.849]    ⚠ NPC paths not found - sprite tooltips disabled
[23:12:58.849]       Client: D:\HuyenThietKiem\Bin\Server\client (exists: False)
[23:12:58.849]       Server: D:\HuyenThietKiem\Bin\Server\library\npc (exists: False)
[23:13:03.930] --------------------------------------------------------------------------------
[23:13:03.930] 🎯 LOADING NPC PREVIEW
[23:13:03.930]    Search input: '1311'
[23:13:03.930]    Parsed as NPC ID: 1311
[23:13:03.930]    Game folder: D:\HuyenThietKiem\Bin\Server
[23:13:03.930]    Mode: Server
[23:13:03.930]    Looking for Client folder: D:\HuyenThietKiem\Bin\Client
[23:13:03.930]    ✓ Found Client folder: D:\HuyenThietKiem\Bin\Client
[23:13:03.930]    Initializing NPC Loader...
[23:13:03.930]          Loading NpcResKind.txt from: D:\HuyenThietKiem\Bin\Client\Settings\NpcRes\NpcResKind.txt
[23:13:03.938]          Total lines in NpcResKind.txt: 939
[23:13:03.938]          [NpcResKind] Name='MainMan', Type='SpecialNpc', Path='spr\npcres\man'
[23:13:03.939]          [NpcResKind] Name='MainLady', Type='SpecialNpc', Path='spr\npcres\woman'
[23:13:03.939]          [NpcResKind] Name='enemy003', Type='NormalNpc', Path='spr\npcres\enemy\enemy003'
[23:13:03.939]          [NpcResKind] Name='enemy004', Type='NormalNpc', Path='spr\npcres\enemy\enemy004'
[23:13:03.939]          [NpcResKind] Name='enemy005', Type='NormalNpc', Path='spr\npcres\enemy\enemy005'
[23:13:03.939]          ✓ Loaded 938 NPC resource kinds
[23:13:03.949]          Loading NPC database from: D:\HuyenThietKiem\Bin\Server\Settings\Npcs.txt
[23:13:03.950]          Total lines in file: 2188
[23:13:03.950]          [Line 2] ID=1, Name='§«ng B¾c hæ', ResType='ani001'
[23:13:03.950]          [Line 3] ID=2, Name='Hoa Nam hæ', ResType='ani002'
[23:13:03.950]          [Line 4] ID=3, Name='B¹ch Hæ', ResType='ani003'
[23:13:03.950]          [Line 5] ID=4, Name='Kim TiÒn b¸o', ResType='ani005'
[23:13:03.950]          [Line 6] ID=5, Name='TuyÕt B¸o', ResType='ani006'
[23:13:03.950]          ... (2178 more NPCs) ...
[23:13:03.959]          [Line 2184] ID=2183, Name='ÁúÀÏ»¢£¨ÐÂ£©', ResType='boss077'
[23:13:03.959]          [Line 2185] ID=2184, Name='²ÔåâåË£¨ÐÂ£©', ResType='boss078'
[23:13:03.959]          [Line 2186] ID=2185, Name='nangongjue', ResType='boss132'
[23:13:03.959]          [Line 2187] ID=2186, Name='linhaotian', ResType='boss130'
[23:13:03.959]          [Line 2188] ID=2187, Name='Tiªn N÷ Gi÷ Trµ', ResType='boss093'
[23:13:03.959]          ✓ Loaded 2185 NPCs from Npcs.txt
[23:13:03.960]          Loading PAK files from: D:\HuyenThietKiem\Bin\Client
[23:13:03.960]             ✓ Loaded PAK: adultpermit.pak
[23:13:03.960]             ✓ Loaded PAK: font.pak
[23:13:03.960]             ✓ Loaded PAK: jxck.pak
[23:13:03.960]             ✓ Loaded PAK: jxhangnga1.pak
[23:13:03.968]             ✓ Loaded PAK: maps.pak
[23:13:03.991]             ✓ Loaded PAK: maps1.pak
[23:13:03.991]             ✓ Loaded PAK: resource.pak
[23:13:03.991]             ✓ Loaded PAK: serverlist.pak
[23:13:03.991]             ✓ Loaded PAK: serverlistfree.pak
[23:13:03.991]             ✓ Loaded PAK: skills.pak
[23:13:03.991]             ✓ Loaded PAK: slistcache.pak
[23:13:03.991]             ✓ Loaded PAK: slistfree.pak
[23:13:03.991]             ✓ Loaded PAK: sound.pak
[23:13:04.015]             ✓ Loaded PAK: spr.pak
[23:13:04.015]             ✓ Loaded PAK: update.pak
[23:13:04.019]             ✓ Loaded PAK: update01.pak
[23:13:04.019]             ✓ Loaded PAK: update02.pak
[23:13:04.019]             ✓ Loaded PAK: update03.pak
[23:13:04.021]             ✓ Loaded PAK: update04.pak
[23:13:04.021]             ✓ Loaded PAK: updatejx01.pak
[23:13:04.021]             ✓ Loaded PAK: updatejx02.pak
[23:13:04.021]             ✓ Loaded PAK: updatejx03.pak
[23:13:04.021]             ✓ Loaded PAK: updatejx04.pak
[23:13:04.021]             ✓ Loaded PAK: updatejx05.pak
[23:13:04.021]             ✓ Loaded PAK: updatejx06.pak
[23:13:04.021]             ✓ Loaded PAK: updatejx07_jxf06.pak
[23:13:04.021]             ✓ Loaded PAK: updatejx08.pak
[23:13:04.021]             ✓ Loaded PAK: updatejx09.pak
[23:13:04.021]             ✓ Loaded PAK: updatejx10.pak
[23:13:04.028]             ✓ Loaded PAK: updatejx11.pak
[23:13:04.028]             ✓ Loaded PAK: updatejx12.pak
[23:13:04.029]             ✓ Loaded PAK: updatejx13.pak
[23:13:04.031]             ✓ Loaded PAK: updatejx14.pak
[23:13:04.031]             ✓ Loaded PAK: vltkcache.pak
[23:13:04.031]             ✓ Loaded PAK: vng.pak
[23:13:04.031]             ✓ Loaded PAK: volamtest1.pak
[23:13:04.031]          ✓ Loaded 36 PAK files
[23:13:04.031]    ✓ NPC Loader initialized
[23:13:04.031]       Client path: D:\HuyenThietKiem\Bin\Client
[23:13:04.031]       Server path: D:\HuyenThietKiem\Bin\Server
[23:13:04.031]    ✓ NpcLoader set in MapRenderer for sprite tooltips
[23:13:04.031]    Calling GetNpcResourceById(1311)...
[23:13:04.031]       → GetNpcResourceById: Looking up NPC ID 1311
[23:13:04.031]          NPC database count: 2185 NPCs loaded
[23:13:04.031]             → GetNpcResType: Looking up ID 1311 in database
[23:13:04.031]                ✓ Found: ID=1311, Name='<<Î´·­Òë>>', ResType='boss069'
[23:13:04.031]          NpcResType for ID 1311: 'boss069'
[23:13:04.031]          Calling GetNpcResource('boss069')...
[23:13:04.031]                → GetNpcResource: Looking up 'boss069'
[23:13:04.031]                   ResKind cache contains 938 entries
[23:13:04.031]                   ✓ Found 'boss069' in ResKind cache
[23:13:04.031]                   Has SpriteRes: True, Has SpriteInfo: True
[23:13:04.031]                   ✓ Created NpcResource for 'boss069'
[23:13:04.031]          ✓ NpcResource found for 'boss069'
[23:13:04.031]          NPC name from Npcs.txt: '<<Î´·­Òë>>'
[23:13:04.031]          NPC name set to: '<<Î´·­Òë>>'
[23:13:04.031]    ✓ NPC resource loaded: <<Î´·­Òë>>
[23:13:04.031]    Loading sprite for action: NormalStand
[23:13:04.039]                   → LoadSpriteById: ID=1311, Action=NormalStand
[23:13:04.039]       → GetNpcResourceById: Looking up NPC ID 1311
[23:13:04.039]          NPC database count: 2185 NPCs loaded
[23:13:04.039]             → GetNpcResType: Looking up ID 1311 in database
[23:13:04.039]                ✓ Found: ID=1311, Name='<<Î´·­Òë>>', ResType='boss069'
[23:13:04.039]          NpcResType for ID 1311: 'boss069'
[23:13:04.039]          Calling GetNpcResource('boss069')...
[23:13:04.039]                → GetNpcResource: Looking up 'boss069'
[23:13:04.039]                   ResKind cache contains 938 entries
[23:13:04.039]                   ✓ Found 'boss069' in ResKind cache
[23:13:04.039]                   Has SpriteRes: True, Has SpriteInfo: True
[23:13:04.039]                   ✓ Created NpcResource for 'boss069'
[23:13:04.039]          ✓ NpcResource found for 'boss069'
[23:13:04.039]          NPC name from Npcs.txt: '<<Î´·­Òë>>'
[23:13:04.039]          NPC name set to: '<<Î´·­Òë>>'
[23:13:04.039]                      SPR path: spr\npcres\boss\boss069\boss069_st01.spr
[23:13:04.041]                      ✓ Found in PAK (292597 bytes)
[23:13:04.048]                            Frame size: 62x100
[23:13:04.051] [NPC Loaded] ID: 1311, Name: <<Î´·­Òë>>, Frames: 64
[23:13:19.944] [ScreenToMapCoordinate] Screen(446,653) → Map(5726,5197) → World(91616,166304) → Region(178,162) Cell(15,13) ID=41650
[23:13:19.944]   Zoom=1.00, ViewOffset=(5280,4544)
[23:13:20.059] [ScreenToMapCoordinate] Screen(650,310) → Map(5930,4854) → World(94880,155328) → Region(185,151) Cell(5,22) ID=38841
[23:13:20.059]   Zoom=1.00, ViewOffset=(5280,4544)
[23:13:20.163] [ScreenToMapCoordinate] Screen(757,209) → Map(6037,4753) → World(96592,152096) → Region(188,148) Cell(10,17) ID=38076
[23:13:20.163]   Zoom=1.00, ViewOffset=(5280,4544)
[23:13:20.285] [ScreenToMapCoordinate] Screen(865,156) → Map(6145,4700) → World(98320,150400) → Region(192,146) Cell(0,28) ID=37568
[23:13:20.285]   Zoom=1.00, ViewOffset=(5280,4544)
[23:13:25.218] --------------------------------------------------------------------------------
[23:13:25.218] 🎯 LOADING NPC PREVIEW
[23:13:25.218]    Search input: '2058'
[23:13:25.218]    Parsed as NPC ID: 2058
[23:13:25.218]    Game folder: D:\HuyenThietKiem\Bin\Server
[23:13:25.218]    Mode: Server
[23:13:25.218]    Looking for Client folder: D:\HuyenThietKiem\Bin\Client
[23:13:25.218]    ✓ Found Client folder: D:\HuyenThietKiem\Bin\Client
[23:13:25.218]    Using existing NPC Loader instance
[23:13:25.218]    Calling GetNpcResourceById(2058)...
[23:13:25.218]       → GetNpcResourceById: Looking up NPC ID 2058
[23:13:25.218]          NPC database count: 2185 NPCs loaded
[23:13:25.218]             → GetNpcResType: Looking up ID 2058 in database
[23:13:25.218]                ✓ Found: ID=2058, Name='Cê Rång', ResType='passerby286'
[23:13:25.218]          NpcResType for ID 2058: 'passerby286'
[23:13:25.218]          Calling GetNpcResource('passerby286')...
[23:13:25.218]                → GetNpcResource: Looking up 'passerby286'
[23:13:25.218]                   ResKind cache contains 938 entries
[23:13:25.218]                   ✓ Found 'passerby286' in ResKind cache
[23:13:25.218]                   Has SpriteRes: True, Has SpriteInfo: True
[23:13:25.218]                   ✓ Created NpcResource for 'passerby286'
[23:13:25.218]          ✓ NpcResource found for 'passerby286'
[23:13:25.218]          NPC name from Npcs.txt: 'Cê Rång'
[23:13:25.218]          NPC name set to: 'Cê Rång'
[23:13:25.218]    ✓ NPC resource loaded: Cê Rång
[23:13:25.218]    Loading sprite for action: NormalStand
[23:13:25.218]                   → LoadSpriteById: ID=2058, Action=NormalStand
[23:13:25.218]       → GetNpcResourceById: Looking up NPC ID 2058
[23:13:25.218]          NPC database count: 2185 NPCs loaded
[23:13:25.218]             → GetNpcResType: Looking up ID 2058 in database
[23:13:25.218]                ✓ Found: ID=2058, Name='Cê Rång', ResType='passerby286'
[23:13:25.218]          NpcResType for ID 2058: 'passerby286'
[23:13:25.218]          Calling GetNpcResource('passerby286')...
[23:13:25.218]                → GetNpcResource: Looking up 'passerby286'
[23:13:25.218]                   ResKind cache contains 938 entries
[23:13:25.218]                   ✓ Found 'passerby286' in ResKind cache
[23:13:25.218]                   Has SpriteRes: True, Has SpriteInfo: True
[23:13:25.218]                   ✓ Created NpcResource for 'passerby286'
[23:13:25.218]          ✓ NpcResource found for 'passerby286'
[23:13:25.218]          NPC name from Npcs.txt: 'Cê Rång'
[23:13:25.218]          NPC name set to: 'Cê Rång'
[23:13:25.218]                      SPR path: spr\npcres\passerby\passerby286\passerby286.spr
[23:13:25.218]                      ✓ Found in PAK (148023 bytes)
[23:13:25.218]                            Frame size: 183x272
[23:13:25.226] [NPC Loaded] ID: 2058, Name: Cê Rång, Frames: 9
[11:15:43.221] [ScreenToMapCoordinate] Screen(559,411) → Map(5839,4955) → World(93424,158560) → Region(182,154) Cell(7,27) ID=39606
[11:15:43.221]   Zoom=1.00, ViewOffset=(5280,4544)
[11:15:44.213]                            Frame size: 181x268
[11:15:44.330]                            Frame size: 177x270
[11:15:44.439]                            Frame size: 178x274
[11:15:44.537]                            Frame size: 166x277
[11:15:44.652]                            Frame size: 148x284
[11:15:44.752]                            Frame size: 137x288
[11:15:44.881]                            Frame size: 142x286
[11:15:44.998]                            Frame size: 165x282
[11:15:45.111]                            Frame size: 183x272
[11:15:45.216]                            Frame size: 181x268
[11:15:45.333]                            Frame size: 177x270
[11:15:45.442]                            Frame size: 178x274
[11:15:45.553]                            Frame size: 166x277
[11:15:45.662]                            Frame size: 148x284
[11:15:45.781]                            Frame size: 137x288
[11:15:45.882]                            Frame size: 142x286
[11:15:45.992]                            Frame size: 165x282
[11:15:46.103]                            Frame size: 183x272
[11:15:46.213]                            Frame size: 181x268
[11:15:46.323]                            Frame size: 177x270
[11:15:46.432]                            Frame size: 178x274
[11:15:46.542]                            Frame size: 166x277
[11:15:46.643]                            Frame size: 148x284
[11:15:46.752]                            Frame size: 137x288
[11:15:46.869]                            Frame size: 142x286
[11:15:46.982]                            Frame size: 165x282
[11:15:47.081]                            Frame size: 183x272
[11:15:47.192]                            Frame size: 181x268
[11:15:47.302]                            Frame size: 177x270
[11:15:47.413]                            Frame size: 178x274
[11:15:47.532]                            Frame size: 166x277
[11:15:47.630]                            Frame size: 148x284
[11:15:47.753]                            Frame size: 137x288
[11:15:47.863]                            Frame size: 142x286
[11:15:47.972]                            Frame size: 165x282
[11:15:48.091]                            Frame size: 183x272
[11:15:48.192]                            Frame size: 181x268
[11:15:48.238]                            Frame size: 181x268
[11:15:48.304]                            Frame size: 177x270
[11:15:48.412]                            Frame size: 178x274
[11:15:48.533]                            Frame size: 166x277
[11:15:48.633]                            Frame size: 148x284
[11:15:48.743]                            Frame size: 137x288
[11:15:48.853]                            Frame size: 142x286
[11:15:48.970]                            Frame size: 165x282
[11:15:48.999]                            Frame size: 165x282
[11:15:49.073]                            Frame size: 183x272
[11:15:49.181]                            Frame size: 181x268
[11:15:49.292]                            Frame size: 177x270
[11:15:49.401]                            Frame size: 178x274
[11:15:49.512]                            Frame size: 166x277
[11:15:49.613]                            Frame size: 148x284
[11:15:49.721]                            Frame size: 137x288
[11:15:49.833]                            Frame size: 142x286
[11:15:49.950]                            Frame size: 165x282
[11:15:50.051]                            Frame size: 183x272
[11:15:50.165]                            Frame size: 181x268
[11:15:50.273]                            Frame size: 177x270
[11:15:50.382]                            Frame size: 178x274
[11:15:50.498]                            Frame size: 166x277
[11:15:50.603]                            Frame size: 148x284
[11:15:50.712]                            Frame size: 137x288
[11:15:50.823]                            Frame size: 142x286
[11:15:50.933]                            Frame size: 165x282
[11:15:51.042]                            Frame size: 183x272
[11:15:51.158]                            Frame size: 181x268
[11:15:51.273]                            Frame size: 177x270
[11:15:51.388]                            Frame size: 178x274
[11:15:51.492]                            Frame size: 166x277
[11:15:51.603]                            Frame size: 148x284
[11:15:51.713]                            Frame size: 137x288
[11:15:51.826]                            Frame size: 142x286
[11:15:51.942]                            Frame size: 165x282
[11:15:52.063]                            Frame size: 183x272
[11:15:52.170]                            Frame size: 181x268
[11:15:52.273]                            Frame size: 177x270
[11:15:52.392]                            Frame size: 178x274
[11:15:52.499]                            Frame size: 166x277
[11:15:52.603]                            Frame size: 148x284
[11:15:52.712]                            Frame size: 137x288
[11:15:52.822]                            Frame size: 142x286
[11:15:52.943]                            Frame size: 165x282
[11:15:53.052]                            Frame size: 183x272
[11:15:53.173]                            Frame size: 181x268
[11:15:53.282]                            Frame size: 177x270
[11:15:53.382]                            Frame size: 178x274
[11:15:53.492]                            Frame size: 166x277
[11:15:53.613]                            Frame size: 148x284
[11:15:53.734]                            Frame size: 137x288
[11:15:53.842]                            Frame size: 142x286
[11:15:53.943]                            Frame size: 165x282
[11:15:54.051]                            Frame size: 183x272
[11:15:54.163]                            Frame size: 181x268
[11:15:54.269]                            Frame size: 177x270
[11:15:54.382]                            Frame size: 178x274
[11:15:54.492]                            Frame size: 166x277
[11:15:54.603]                            Frame size: 148x284
[11:15:54.713]                            Frame size: 137x288
[11:15:54.823]                            Frame size: 142x286
[11:15:54.943]                            Frame size: 165x282
[11:15:55.061]                            Frame size: 183x272
[11:15:55.162]                            Frame size: 181x268
[11:15:55.273]                            Frame size: 177x270
[11:15:55.382]                            Frame size: 178x274
[11:15:55.493]                            Frame size: 166x277
[11:15:55.608]                            Frame size: 148x284
[11:15:55.713]                            Frame size: 137x288
[11:15:55.822]                            Frame size: 142x286
[11:15:55.933]                            Frame size: 165x282
[11:15:56.052]                            Frame size: 183x272
[11:15:56.163]                            Frame size: 181x268
[11:15:56.278]                            Frame size: 177x270
[11:15:56.383]                            Frame size: 178x274
[11:15:56.502]                            Frame size: 166x277
[11:15:56.603]                            Frame size: 148x284
[11:15:56.708]                            Frame size: 137x288
[11:15:56.823]                            Frame size: 142x286
[11:15:56.932]                            Frame size: 165x282
[11:15:57.053]                            Frame size: 183x272
[11:15:57.173]                            Frame size: 181x268
[11:15:57.272]                            Frame size: 177x270
[11:15:57.392]                            Frame size: 178x274
[11:15:57.492]                            Frame size: 166x277
[11:15:57.611]                            Frame size: 148x284
[11:15:57.715]                            Frame size: 137x288
[11:15:57.823]                            Frame size: 142x286
[11:15:57.932]                            Frame size: 165x282
[11:15:58.038]                            Frame size: 183x272
[11:15:58.151]                            Frame size: 181x268
[11:15:58.253]                            Frame size: 177x270
[11:15:58.362]                            Frame size: 178x274
[11:15:58.480]                            Frame size: 166x277
[11:15:58.582]                            Frame size: 148x284
[11:15:58.693]                            Frame size: 137x288
[11:15:58.801]                            Frame size: 142x286
[11:15:58.913]                            Frame size: 165x282
[11:15:59.021]                            Frame size: 183x272
[11:15:59.132]                            Frame size: 181x268
[11:15:59.242]                            Frame size: 177x270
[11:15:59.348]                            Frame size: 178x274
[11:15:59.463]                            Frame size: 166x277
[11:15:59.582]                            Frame size: 148x284
[11:15:59.692]                            Frame size: 137x288
[11:15:59.801]                            Frame size: 142x286
[11:15:59.913]                            Frame size: 165x282
[11:16:00.022]                            Frame size: 183x272
[11:16:00.132]                            Frame size: 181x268
[11:16:00.240]                            Frame size: 177x270
[11:16:00.353]                            Frame size: 178x274
[11:16:00.463]                            Frame size: 166x277
[11:16:00.565]                            Frame size: 148x284
[11:16:00.683]                            Frame size: 137x288
[11:16:00.793]                            Frame size: 142x286
[11:16:00.893]                            Frame size: 165x282
[11:16:01.010]                            Frame size: 183x272
[11:16:01.113]                            Frame size: 181x268
[11:16:01.232]                            Frame size: 177x270
[11:16:01.333]                            Frame size: 178x274
[11:16:01.443]                            Frame size: 166x277
[11:16:01.552]                            Frame size: 148x284
[11:16:01.558] --------------------------------------------------------------------------------
[11:16:01.558] 🎯 LOADING NPC PREVIEW
[11:16:01.558]    Search input: '2057'
[11:16:01.558]    Parsed as NPC ID: 2057
[11:16:01.558]    Game folder: D:\HuyenThietKiem\Bin\Server
[11:16:01.558]    Mode: Server
[11:16:01.558]    Looking for Client folder: D:\HuyenThietKiem\Bin\Client
[11:16:01.558]    ✓ Found Client folder: D:\HuyenThietKiem\Bin\Client
[11:16:01.558]    Using existing NPC Loader instance
[11:16:01.558]    Calling GetNpcResourceById(2057)...
[11:16:01.562]       → GetNpcResourceById: Looking up NPC ID 2057
[11:16:01.562]          NPC database count: 2185 NPCs loaded
[11:16:01.562]             → GetNpcResType: Looking up ID 2057 in database
[11:16:01.562]                ✓ Found: ID=2057, Name='½ð·½Ë§Æì10', ResType='passerby197'
[11:16:01.562]          NpcResType for ID 2057: 'passerby197'
[11:16:01.562]          Calling GetNpcResource('passerby197')...
[11:16:01.562]                → GetNpcResource: Looking up 'passerby197'
[11:16:01.562]                   ResKind cache contains 938 entries
[11:16:01.562]                   ✓ Found 'passerby197' in ResKind cache
[11:16:01.562]                   Has SpriteRes: True, Has SpriteInfo: True
[11:16:01.562]                   ✓ Created NpcResource for 'passerby197'
[11:16:01.562]          ✓ NpcResource found for 'passerby197'
[11:16:01.562]          NPC name from Npcs.txt: '½ð·½Ë§Æì10'
[11:16:01.562]          NPC name set to: '½ð·½Ë§Æì10'
[11:16:01.562]    ✓ NPC resource loaded: ½ð·½Ë§Æì10
[11:16:01.562]    Loading sprite for action: NormalStand
[11:16:01.562]                   → LoadSpriteById: ID=2057, Action=NormalStand
[11:16:01.562]       → GetNpcResourceById: Looking up NPC ID 2057
[11:16:01.562]          NPC database count: 2185 NPCs loaded
[11:16:01.562]             → GetNpcResType: Looking up ID 2057 in database
[11:16:01.562]                ✓ Found: ID=2057, Name='½ð·½Ë§Æì10', ResType='passerby197'
[11:16:01.562]          NpcResType for ID 2057: 'passerby197'
[11:16:01.562]          Calling GetNpcResource('passerby197')...
[11:16:01.562]                → GetNpcResource: Looking up 'passerby197'
[11:16:01.562]                   ResKind cache contains 938 entries
[11:16:01.562]                   ✓ Found 'passerby197' in ResKind cache
[11:16:01.562]                   Has SpriteRes: True, Has SpriteInfo: True
[11:16:01.562]                   ✓ Created NpcResource for 'passerby197'
[11:16:01.562]          ✓ NpcResource found for 'passerby197'
[11:16:01.562]          NPC name from Npcs.txt: '½ð·½Ë§Æì10'
[11:16:01.562]          NPC name set to: '½ð·½Ë§Æì10'
[11:16:01.562]                      SPR path: spr\npcres\passerby\passerby197\passerby197.spr
[11:16:01.562]                      ✓ Found in PAK (152460 bytes)
[11:16:01.562]                            Frame size: 64x263
[11:16:01.562] [NPC Loaded] ID: 2057, Name: ½ð·½Ë§Æì10, Frames: 18
[11:16:01.672]                            Frame size: 64x263
[11:16:01.773]                            Frame size: 64x263
[11:16:01.883]                            Frame size: 63x263
[11:16:02.003]                            Frame size: 62x263
[11:16:02.116]                            Frame size: 63x263
[11:16:02.232]                            Frame size: 63x263
[11:16:02.332]                            Frame size: 63x263
[11:16:02.451]                            Frame size: 63x263
[11:16:02.551]                            Frame size: 63x263
[11:16:02.672]                            Frame size: 63x263
[11:16:02.772]                            Frame size: 63x263
[11:16:02.882]                            Frame size: 64x263
[11:16:02.997]                            Frame size: 63x263
[11:16:03.102]                            Frame size: 63x263
[11:16:03.183]                            Frame size: 63x263
[11:16:03.220]                            Frame size: 63x263
[11:16:03.322]                            Frame size: 63x263
[11:16:03.433]                            Frame size: 64x263
[11:16:03.542]                            Frame size: 64x263
[11:16:03.652]                            Frame size: 64x263
[11:16:03.758]                            Frame size: 64x263
[11:16:03.876]                            Frame size: 63x263
[11:16:03.982]                            Frame size: 62x263
[11:16:04.082]                            Frame size: 63x263
[11:16:04.192]                            Frame size: 63x263
[11:16:04.302]                            Frame size: 63x263
[11:16:04.412]                            Frame size: 63x263
[11:16:04.532]                            Frame size: 63x263
[11:16:04.633]                            Frame size: 63x263
[11:16:04.742]                            Frame size: 63x263
[11:16:04.853]                            Frame size: 64x263
[11:16:04.958]                            Frame size: 63x263
[11:16:05.082]                            Frame size: 63x263
[11:16:05.203]                            Frame size: 63x263
[11:16:05.302]                            Frame size: 63x263
[11:16:05.412]                            Frame size: 64x263
[11:16:05.533]                            Frame size: 64x263
[11:16:05.643]                            Frame size: 64x263
[11:16:05.742]                            Frame size: 64x263
[11:16:05.853]                            Frame size: 63x263
[11:16:05.968]                            Frame size: 62x263
[11:16:06.073]                            Frame size: 63x263
[11:16:06.182]                            Frame size: 63x263
[11:16:06.292]                            Frame size: 63x263
[11:16:06.393]                            Frame size: 63x263
[11:16:06.512]                            Frame size: 63x263
[11:16:06.613]                            Frame size: 63x263
[11:16:06.732]                            Frame size: 63x263
[11:16:06.833]                            Frame size: 64x263
[11:16:06.943]                            Frame size: 63x263
[11:16:07.059]                            Frame size: 63x263
[11:16:07.163]                            Frame size: 63x263
[11:16:07.271]                            Frame size: 63x263
[11:16:07.382]                            Frame size: 64x263
[11:16:07.492]                            Frame size: 64x263
[11:16:07.602]                            Frame size: 64x263
[11:16:07.713]                            Frame size: 64x263
[11:16:07.823]                            Frame size: 63x263
[11:16:07.941]                            Frame size: 62x263
[11:16:08.060]                            Frame size: 63x263
[11:16:08.161]                            Frame size: 63x263
[11:16:08.272]                            Frame size: 63x263
[11:16:08.383]                            Frame size: 63x263
[11:16:08.492]                            Frame size: 63x263
[11:16:08.608]                            Frame size: 63x263
[11:16:08.713]                            Frame size: 63x263
[11:16:08.817]                            Frame size: 64x263
[11:16:08.933]                            Frame size: 63x263
[11:16:09.043]                            Frame size: 63x263
[11:16:09.153]                            Frame size: 63x263
[11:16:09.263]                            Frame size: 63x263
[11:16:09.373]                            Frame size: 64x263
[11:16:09.479]                            Frame size: 64x263
[11:16:09.582]                            Frame size: 64x263
[11:16:09.692]                            Frame size: 64x263
[11:16:09.802]                            Frame size: 63x263
[11:16:09.913]                            Frame size: 62x263
[11:16:10.022]                            Frame size: 63x263
[11:16:10.133]                            Frame size: 63x263
[11:16:10.208] --------------------------------------------------------------------------------
[11:16:10.208] 🎯 LOADING NPC PREVIEW
[11:16:10.208]    Search input: '2040'
[11:16:10.208]    Parsed as NPC ID: 2040
[11:16:10.208]    Game folder: D:\HuyenThietKiem\Bin\Server
[11:16:10.208]    Mode: Server
[11:16:10.208]    Looking for Client folder: D:\HuyenThietKiem\Bin\Client
[11:16:10.208]    ✓ Found Client folder: D:\HuyenThietKiem\Bin\Client
[11:16:10.211]    Using existing NPC Loader instance
[11:16:10.211]    Calling GetNpcResourceById(2040)...
[11:16:10.211]       → GetNpcResourceById: Looking up NPC ID 2040
[11:16:10.211]          NPC database count: 2185 NPCs loaded
[11:16:10.211]             → GetNpcResType: Looking up ID 2040 in database
[11:16:10.211]                ✓ Found: ID=2040, Name='ËÎ·½Ë§Æì3', ResType='passerby196'
[11:16:10.211]          NpcResType for ID 2040: 'passerby196'
[11:16:10.211]          Calling GetNpcResource('passerby196')...
[11:16:10.211]                → GetNpcResource: Looking up 'passerby196'
[11:16:10.211]                   ResKind cache contains 938 entries
[11:16:10.211]                   ✓ Found 'passerby196' in ResKind cache
[11:16:10.211]                   Has SpriteRes: True, Has SpriteInfo: True
[11:16:10.211]                   ✓ Created NpcResource for 'passerby196'
[11:16:10.211]          ✓ NpcResource found for 'passerby196'
[11:16:10.211]          NPC name from Npcs.txt: 'ËÎ·½Ë§Æì3'
[11:16:10.211]          NPC name set to: 'ËÎ·½Ë§Æì3'
[11:16:10.211]    ✓ NPC resource loaded: ËÎ·½Ë§Æì3
[11:16:10.211]    Loading sprite for action: NormalStand
[11:16:10.211]                   → LoadSpriteById: ID=2040, Action=NormalStand
[11:16:10.211]       → GetNpcResourceById: Looking up NPC ID 2040
[11:16:10.211]          NPC database count: 2185 NPCs loaded
[11:16:10.211]             → GetNpcResType: Looking up ID 2040 in database
[11:16:10.211]                ✓ Found: ID=2040, Name='ËÎ·½Ë§Æì3', ResType='passerby196'
[11:16:10.211]          NpcResType for ID 2040: 'passerby196'
[11:16:10.211]          Calling GetNpcResource('passerby196')...
[11:16:10.211]                → GetNpcResource: Looking up 'passerby196'
[11:16:10.211]                   ResKind cache contains 938 entries
[11:16:10.211]                   ✓ Found 'passerby196' in ResKind cache
[11:16:10.211]                   Has SpriteRes: True, Has SpriteInfo: True
[11:16:10.212]                   ✓ Created NpcResource for 'passerby196'
[11:16:10.212]          ✓ NpcResource found for 'passerby196'
[11:16:10.212]          NPC name from Npcs.txt: 'ËÎ·½Ë§Æì3'
[11:16:10.212]          NPC name set to: 'ËÎ·½Ë§Æì3'
[11:16:10.212]                      SPR path: spr\npcres\passerby\passerby196\passerby196.spr
[11:16:10.212]                      ✓ Found in PAK (137546 bytes)
[11:16:10.212]                            Frame size: 71x249
[11:16:10.215] [NPC Loaded] ID: 2040, Name: ËÎ·½Ë§Æì3, Frames: 11
[11:16:10.242]                            Frame size: 71x249
[11:16:10.353]                            Frame size: 71x249
[11:16:10.463]                            Frame size: 71x249
[11:16:10.565]                            Frame size: 71x249
[11:16:10.683]                            Frame size: 71x249
[11:16:10.792]                            Frame size: 71x249
[11:16:10.898]                            Frame size: 71x249
[11:16:11.002]                            Frame size: 71x249
[11:16:11.113]                            Frame size: 71x249
[11:16:11.222]                            Frame size: 71x249
[11:16:11.333]                            Frame size: 71x249
[11:16:11.443]                            Frame size: 71x249
[11:16:11.488]                            Frame size: 71x249
[11:16:11.551]                            Frame size: 71x249
[11:16:11.675]                            Frame size: 71x249
[11:16:11.792]                            Frame size: 71x249
[11:16:11.903]                            Frame size: 71x249
[11:16:12.002]                            Frame size: 71x249
[11:16:12.113]                            Frame size: 71x249
[11:16:12.222]                            Frame size: 71x249
[11:16:12.332]                            Frame size: 71x249
[11:16:12.443]                            Frame size: 71x249
[11:16:12.553]                            Frame size: 71x249
[11:16:12.663]                            Frame size: 71x249
[11:16:12.769]                            Frame size: 71x249
[11:16:12.883]                            Frame size: 71x249
[11:16:12.992]                            Frame size: 71x249
[11:16:13.096]                            Frame size: 71x249
[11:16:13.205]                            Frame size: 71x249
[11:16:13.315]                            Frame size: 71x249
[11:16:13.429]                            Frame size: 71x249
[11:16:13.542]                            Frame size: 71x249
[11:16:13.650]                            Frame size: 71x249
[11:16:13.762]                            Frame size: 71x249
[11:16:13.862]                            Frame size: 71x249
[11:16:13.982]                            Frame size: 71x249
[11:16:14.092]                            Frame size: 71x249
[11:16:14.192]                            Frame size: 71x249
[11:16:14.302]                            Frame size: 71x249
[11:16:14.423]                            Frame size: 71x249
[11:16:14.522]                            Frame size: 71x249
[11:16:14.630]                            Frame size: 71x249
[11:16:14.739]                            Frame size: 71x249
[11:16:14.852]                            Frame size: 71x249
[11:16:14.965]                            Frame size: 71x249
[11:16:15.083]                            Frame size: 71x249
[11:16:15.203]                            Frame size: 71x249
[11:16:15.303]                            Frame size: 71x249
[11:16:15.412]                            Frame size: 71x249
[11:16:15.523]                            Frame size: 71x249
[11:16:15.633]                            Frame size: 71x249
[11:16:15.742]                            Frame size: 71x249
[11:16:15.863]                            Frame size: 71x249
[11:16:15.983]                            Frame size: 71x249
[11:16:16.092]                            Frame size: 71x249
[11:16:16.193]                            Frame size: 71x249
[11:16:16.303]                            Frame size: 71x249
[11:16:16.413]                            Frame size: 71x249
[11:16:16.519]                            Frame size: 71x249
[11:16:16.632]                            Frame size: 71x249
[11:16:16.743]                            Frame size: 71x249
[11:16:16.853]                            Frame size: 71x249
[11:16:16.973]                            Frame size: 71x249
[11:16:17.089]                            Frame size: 71x249
[11:16:17.193]                            Frame size: 71x249
[11:16:17.313]                            Frame size: 71x249
[11:16:17.413]                            Frame size: 71x249
[11:16:17.520]                            Frame size: 71x249
[11:16:17.632]                            Frame size: 71x249
[11:16:17.743]                            Frame size: 71x249
[11:16:17.848]                            Frame size: 71x249
[11:16:17.973]                            Frame size: 71x249
[11:16:18.083]                            Frame size: 71x249
[11:16:18.198]                            Frame size: 71x249
[11:16:18.301]                            Frame size: 71x249
[11:16:18.413]                            Frame size: 71x249
[11:16:18.523]                            Frame size: 71x249
[11:16:18.632]                            Frame size: 71x249
[11:16:18.753]                            Frame size: 71x249
[11:16:18.873]                            Frame size: 71x249
[11:16:18.983]                            Frame size: 71x249
[11:16:19.082]                            Frame size: 71x249
[11:16:19.200]                            Frame size: 71x249
[11:16:19.300]                            Frame size: 71x249
[11:16:19.412]                            Frame size: 71x249
[11:16:19.522]                            Frame size: 71x249
[11:16:19.630]                            Frame size: 71x249
[11:16:19.741]                            Frame size: 71x249
[11:16:19.863]                            Frame size: 71x249
[11:16:19.987]                            Frame size: 71x249
[11:16:20.102]                            Frame size: 71x249
[11:16:20.213]                            Frame size: 71x249
[11:16:20.322]                            Frame size: 71x249
[11:16:20.443]                            Frame size: 71x249
[11:16:20.552]                            Frame size: 71x249
[11:16:20.673]                            Frame size: 71x249
[11:16:20.782]                            Frame size: 71x249
[11:16:20.883]                            Frame size: 71x249
[11:16:20.992]                            Frame size: 71x249
[11:16:21.103]                            Frame size: 71x249
[11:16:21.213]                            Frame size: 71x249
[11:16:21.287] --------------------------------------------------------------------------------
[11:16:21.287] 🎯 LOADING NPC PREVIEW
[11:16:21.287]    Search input: '1330'
[11:16:21.290]    Parsed as NPC ID: 1330
[11:16:21.290]    Game folder: D:\HuyenThietKiem\Bin\Server
[11:16:21.290]    Mode: Server
[11:16:21.290]    Looking for Client folder: D:\HuyenThietKiem\Bin\Client
[11:16:21.290]    ✓ Found Client folder: D:\HuyenThietKiem\Bin\Client
[11:16:21.291]    Using existing NPC Loader instance
[11:16:21.291]    Calling GetNpcResourceById(1330)...
[11:16:21.291]       → GetNpcResourceById: Looking up NPC ID 1330
[11:16:21.291]          NPC database count: 2185 NPCs loaded
[11:16:21.291]             → GetNpcResType: Looking up ID 1330 in database
[11:16:21.291]                ✓ Found: ID=1330, Name='Hoµng TuyÕt Nh©n', ResType='boss074'
[11:16:21.291]          NpcResType for ID 1330: 'boss074'
[11:16:21.291]          Calling GetNpcResource('boss074')...
[11:16:21.291]                → GetNpcResource: Looking up 'boss074'
[11:16:21.291]                   ResKind cache contains 938 entries
[11:16:21.291]                   ✓ Found 'boss074' in ResKind cache
[11:16:21.291]                   Has SpriteRes: True, Has SpriteInfo: True
[11:16:21.291]                   ✓ Created NpcResource for 'boss074'
[11:16:21.291]          ✓ NpcResource found for 'boss074'
[11:16:21.292]          NPC name from Npcs.txt: 'Hoµng TuyÕt Nh©n'
[11:16:21.292]          NPC name set to: 'Hoµng TuyÕt Nh©n'
[11:16:21.292]    ✓ NPC resource loaded: Hoµng TuyÕt Nh©n
[11:16:21.292]    Loading sprite for action: NormalStand
[11:16:21.292]                   → LoadSpriteById: ID=1330, Action=NormalStand
[11:16:21.292]       → GetNpcResourceById: Looking up NPC ID 1330
[11:16:21.292]          NPC database count: 2185 NPCs loaded
[11:16:21.292]             → GetNpcResType: Looking up ID 1330 in database
[11:16:21.292]                ✓ Found: ID=1330, Name='Hoµng TuyÕt Nh©n', ResType='boss074'
[11:16:21.292]          NpcResType for ID 1330: 'boss074'
[11:16:21.292]          Calling GetNpcResource('boss074')...
[11:16:21.292]                → GetNpcResource: Looking up 'boss074'
[11:16:21.292]                   ResKind cache contains 938 entries
[11:16:21.292]                   ✓ Found 'boss074' in ResKind cache
[11:16:21.292]                   Has SpriteRes: True, Has SpriteInfo: True
[11:16:21.292]                   ✓ Created NpcResource for 'boss074'
[11:16:21.292]          ✓ NpcResource found for 'boss074'
[11:16:21.292]          NPC name from Npcs.txt: 'Hoµng TuyÕt Nh©n'
[11:16:21.292]          NPC name set to: 'Hoµng TuyÕt Nh©n'
[11:16:21.292]                      SPR path: spr\npcres\boss\boss074\boss074_st01.spr
[11:16:21.292]                      ✓ Found in PAK (322113 bytes)
[11:16:21.292]                            Frame size: 68x84
[11:16:21.292] [NPC Loaded] ID: 1330, Name: Hoµng TuyÕt Nh©n, Frames: 64
[11:16:21.323]                            Frame size: 68x85
[11:16:21.433]                            Frame size: 69x85
[11:16:21.542]                            Frame size: 68x85
[11:16:21.653]                            Frame size: 69x86
[11:16:21.763]                            Frame size: 69x86
[11:16:21.863]                            Frame size: 69x85
[11:16:21.972]                            Frame size: 69x85
[11:16:22.083]                            Frame size: 69x81
[11:16:22.192]                            Frame size: 71x82
[11:16:22.302]                            Frame size: 74x83
[11:16:22.415]                            Frame size: 75x83
[11:16:22.532]                            Frame size: 76x83
[11:16:22.633]                            Frame size: 77x83
[11:16:22.742]                            Frame size: 75x83
[11:16:22.850]                            Frame size: 72x82
[11:16:22.963]                            Frame size: 72x81
[11:16:23.065]                            Frame size: 73x81
[11:16:23.182]                            Frame size: 74x82
[11:16:23.293]                            Frame size: 75x82
[11:16:23.408]                            Frame size: 76x82
[11:16:23.502]                            Frame size: 76x82
[11:16:23.615]                            Frame size: 76x81
[11:16:23.723]                            Frame size: 74x81
[11:16:23.832]                            Frame size: 68x78
[11:16:23.943]                            Frame size: 69x79
[11:16:24.053]                            Frame size: 69x79
[11:16:24.165]                            Frame size: 70x79
[11:16:24.272]                            Frame size: 71x79
[11:16:24.382]                            Frame size: 70x78
[11:16:24.492]                            Frame size: 71x78
[11:16:24.598]                            Frame size: 71x78
[11:16:24.715]                            Frame size: 66x77
[11:16:24.833]                            Frame size: 66x77
[11:16:24.942]                            Frame size: 67x77
[19:25:19.555] [ScreenToMapCoordinate] Screen(374,609) → Map(5654,5153) → World(90464,164896) → Region(176,161) Cell(11,1) ID=41392
[19:25:19.555]   Zoom=1.00, ViewOffset=(5280,4544)
